<?xml version="1.0" encoding="UTF-8"?>
<!-- Generated by org.testng.reporters.JUnitReportReporter -->
<testsuite hostname="LAPTOP-F48FP62B" failures="0" tests="1" name="tests.TasksPageTest" time="6.953" errors="0" timestamp="2022-12-21T20:36:47 EST" skipped="0">
  <testcase classname="tests.TasksPageTest" name="verifyTasksLabelTest" time="6.953"/>
  <system-out/>
</testsuite> <!-- tests.TasksPageTest -->
