<?xml version="1.0" encoding="UTF-8"?>
<!-- Generated by org.testng.reporters.JUnitReportReporter -->
<testsuite hostname="LAPTOP-F48FP62B" failures="0" tests="2" name="tests.LoginTest" time="13.253" errors="0" timestamp="2022-12-27T20:36:17 EST" skipped="0">
  <testcase classname="tests.LoginTest" name="verifyLoginPageTitleTest" time="6.516"/>
  <system-out/>
  <testcase classname="tests.LoginTest" name="loginTest" time="6.737"/>
  <system-out/>
</testsuite> <!-- tests.LoginTest -->
