<?xml version="1.0" encoding="UTF-8"?>
<!-- Generated by org.testng.reporters.JUnitReportReporter -->
<testsuite hostname="LAPTOP-F48FP62B" failures="0" tests="5" name="tests.HomePageTest" time="34.022" errors="0" timestamp="2022-12-21T20:33:13 EST" skipped="0">
  <testcase classname="tests.HomePageTest" name="verifyHomePageTitleTest" time="5.802"/>
  <system-out/>
  <testcase classname="tests.HomePageTest" name="verifyUserLabelTest" time="6.667"/>
  <system-out/>
  <testcase classname="tests.HomePageTest" name="clickOnContactsLinkTest" time="6.979"/>
  <system-out/>
  <testcase classname="tests.HomePageTest" name="clickOnDealLinkTest" time="7.139"/>
  <system-out/>
  <testcase classname="tests.HomePageTest" name="clickOnTasksLinkTest" time="7.435"/>
  <system-out/>
</testsuite> <!-- tests.HomePageTest -->
