<?xml version="1.0" encoding="UTF-8"?>
<!-- Generated by org.testng.reporters.JUnitReportReporter -->
<testsuite hostname="LAPTOP-F48FP62B" failures="0" tests="3" name="tests.ContactsPageTest" time="27.743" errors="0" timestamp="2022-12-21T20:35:29 EST" skipped="0">
  <testcase classname="tests.ContactsPageTest" name="validateCreateNewCotact" time="9.509"/>
  <system-out/>
  <testcase classname="tests.ContactsPageTest" name="validateCreateNewCotact" time="9.482"/>
  <system-out/>
  <testcase classname="tests.ContactsPageTest" name="validateCreateNewCotact" time="8.752"/>
  <system-out/>
</testsuite> <!-- tests.ContactsPageTest -->
